==================================================
Transaction started at: 21.7.2025 г. 0:02:27
==================================================

[INFO] --- POST-COMPILE EXECUTION PHASE ---
--- EXECUTING TOOL: UpdateSystemGDD ---
{
  "systemName": "ShipModuleSystem",
  "content": "Ship modules are defined by the ShipModule ScriptableObject. Each module has connection hardpoints and item hardpoints.  ShipModule sizes must match for connections. Stats are aggregated on the Ship component."
}
------------------------

[INFO] Asset creation complete. Starting documentation sync cycle...
########## AGENTIC PROMPT SENT TO AI ##########
You are an expert technical writer AI. Your task is to document the newly created C# scripts.
Your response MUST be a single, raw JSON object that strictly adheres to the provided `ActionPlan` schema.

--- AVAILABLE TOOLS ---
UpdateSystemGDD(string systemName, string content)
UpdateFile(string filePath, string newContent)
ReadFile(string filePath)

--- ORIGINAL USER REQUEST ---
Create needed .cs and scriptable objects for the system that will allow the following = The ship will be assembled from several modules - 
	Wings, 
	Weapon,
	Device,
	Engine,
	Body, 
	Bow,
	Ammo. All modules will have 3 types of sizes
 - Frigate ,
	Cruiser, 
	Battleship . 
Each module size can be connected with corresponding size only. Each module will have a specific hard point where it will be connected with other modules. Each module will have specific hardpoints for items installations, separate from the hard points for connecting to other modules. .   Example - Player starts with a body, that have 2 wings hard point and one tail hardpoint. Each modules can be equipped with items. Each module can provide any of the core stats for the ship:
 Hull, repair speed, max Power , PowerRechargeSpeed, CPU, Speed, Turn Speed, Shields, Accuracy, Damage, Money, Ship Name. 

--- NEWLY CREATED SCRIPTS ---
--- FILE: Assets/Scripts/ShipModule.cs ---
```csharp
using UnityEngine;
using System.Collections.Generic;

public enum ModuleSize { Frigate, Cruiser, Battleship }

public enum HardpointType { Wing, Tail, Weapon, Device, Engine, Bow, Ammo }

[System.Serializable]
public class Hardpoint
{
    public HardpointType type;
    public ModuleSize size;
}

[CreateAssetMenu(fileName = "ShipModule", menuName = "Ship/Module", order = 1)]
public class ShipModule : ScriptableObject
{
    public string moduleName;
    public ModuleSize size;
    public List<Hardpoint> connectionHardpoints;
    public List<Hardpoint> itemHardpoints;

    public float hull;
    public float repairSpeed;
    public float maxPower;
    public float powerRechargeSpeed;
    public float cpu;
    public float speed;
    public float turnSpeed;
    public float shields;
    public float accuracy;
    public float damage;
    public float money;
}
```
--- FILE: Assets/Scripts/Ship.cs ---
```csharp
using UnityEngine;
using System.Collections.Generic;

public class Ship : MonoBehaviour
{
    public ShipModule body;
    public List<ShipModule> attachedModules = new List<ShipModule>();

    // Calculated stats
    public float totalHull;
    public float totalRepairSpeed;
    // ... other stats

    void UpdateStats()
    {
        // Calculate total stats based on attached modules
    }
}
```
--- FILE: Assets/Scripts/ShipItem.cs ---
```csharp
using UnityEngine;

[CreateAssetMenu(fileName = "ShipItem", menuName = "Ship/Item", order = 2)]
public class ShipItem : ScriptableObject
{
    public string itemName;
    public HardpointType hardpointType;

    // Item stats
    // ...
}
```

--- YOUR TASK ---
Generate a JSON `ActionPlan` to document the new scripts. Use the 'UpdateSystemGDD' tool to add documentation to the GDD for the relevant system (e.g., 'Ship Module System'). Use the 'UpdateFile' tool to update the 'ai_knowledgebase.json' file with a summary of the new classes and their properties.

--------------------------------------------------

########## RAW AI PLAN RESPONSE ##########
```json
{
  "schemaVersion": "1.0.0",
  "systemName": "Ship Module System",
  "actions": [
    {
      "tool": "UpdateSystemGDD",
      "toolInput": {
        "systemName": "Ship Module System",
        "content": "## Ship Module System\n\nThis system allows for modular ship construction. Ships are assembled from various modules of different sizes (Frigate, Cruiser, Battleship).  Each module can contribute to the ship's overall stats and can have hardpoints for attaching other modules or items.\n\n**Key Features:**\n\n* **Modular Design:** Ships are built by combining individual modules.\n* **Size Compatibility:** Modules can only be connected to other modules of the same size.\n* **Hardpoints:** Modules have specific hardpoints for connecting to other modules and for equipping items.\n* **Stat Contributions:** Each module contributes to the ship's overall stats (Hull, Repair Speed, Power, etc.).\n* **Itemization:**  Items can be equipped to modules to further enhance ship capabilities.\n\n**Technical Details:**\n\n* **ShipModule Scriptable Object:** Defines the properties of each module, including its size, hardpoints, and stat contributions.\n* **Ship Class:** Manages the assembled ship and calculates its total stats.\n* **ShipItem Scriptable Object:** Defines the properties of equippable items.\n\n**Example:** A ship's body module might have hardpoints for attaching wings, a tail, and weapons."
      }
    },
    {
      "tool": "UpdateFile",
      "toolInput": {
        "filePath": "ai_knowledgebase.json",
        "newContent": "{ \"ShipModuleSystem\": { \"ShipModule\": { \"properties\": [{\"name\": \"moduleName\", \"type\": \"string\"}, {\"name\": \"size\", \"type\": \"ModuleSize\"}, {\"name\": \"connectionHardpoints\", \"type\": \"List<Hardpoint>\"}, {\"name\": \"itemHardpoints\", \"type\": \"List<Hardpoint>\"}, {\"name\": \"hull\", \"type\": \"float\"}, {\"name\": \"repairSpeed\", \"type\": \"float\"}, {\"name\": \"maxPower\", \"type\": \"float\"}, {\"name\": \"powerRechargeSpeed\", \"type\": \"float\"}, {\"name\": \"cpu\", \"type\": \"float\"}, {\"name\": \"speed\", \"type\": \"float\"}, {\"name\": \"turnSpeed\", \"type\": \"float\"}, {\"name\": \"shields\", \"type\": \"float\"}, {\"name\": \"accuracy\", \"type\": \"float\"}, {\"name\": \"damage\", \"type\": \"float\"}, {\"name\": \"money\", \"type\": \"float\"}]}, \"Hardpoint\": { \"properties\": [{\"name\": \"type\", \"type\": \"HardpointType\"}, {\"name\": \"size\", \"type\": \"ModuleSize\"}]}, \"Ship\": { \"properties\": [{\"name\": \"body\", \"type\": \"ShipModule\"}, {\"name\": \"attachedModules\", \"type\": \"List<ShipModule>\"}, {\"name\": \"totalHull\", \"type\": \"float\"}, {\"name\": \"totalRepairSpeed\", \"type\": \"float\"}]}, \"ShipItem\": { \"properties\": [{\"name\": \"itemName\", \"type\": \"string\"}, {\"name\": \"hardpointType\", \"type\": \"HardpointType\"}]}}}"
      }
    }
  ]
}
```
--------------------------------------------------

==================================================
Transaction ended at: 21.7.2025 г. 0:02:38
==================================================

